<?xml version="1.0" encoding="UTF-8"?>
<!-- Generated by org.testng.reporters.JUnitReportReporter -->
<testsuite skipped="0" hostname="LAPTOP-K3AONPJH" name="com.common.DropDownTest" tests="1" failures="0" timestamp="2020-01-13T17:50:37 EST" time="6.231" errors="0">
  <testcase name="dropDown" time="6.231" classname="com.common.DropDownTest"/>
</testsuite> <!-- com.common.DropDownTest -->
