<?xml version="1.0" encoding="UTF-8"?>
<!-- Generated by org.testng.reporters.JUnitReportReporter -->
<testsuite skipped="0" hostname="DESKTOP-FGP99V0" name="com.testrunner.Tests" tests="1" failures="0" timestamp="23 Sep 2020 21:57:38 GMT" time="54.643" errors="0">
  <testcase name="feature" time="54.643" classname="com.testrunner.Tests"/>
</testsuite> <!-- com.testrunner.Tests -->
