<?xml version="1.0" encoding="UTF-8"?>
<!-- Generated by org.testng.reporters.JUnitReportReporter -->
<testsuite skipped="0" hostname="DESKTOP-FGP99V0" name="green.Lambada" tests="1" failures="0" timestamp="2020-11-05T21:13:31 EST" time="0.071" errors="0">
  <testcase name="streamcollect" time="0.071" classname="green.Lambada"/>
</testsuite> <!-- green.Lambada -->
