<?xml version="1.0" encoding="UTF-8"?>
<!-- Generated by org.testng.reporters.JUnitReportReporter -->
<testsuite skipped="0" hostname="DESKTOP-FGP99V0" name="com.util.Multiple" tests="1" failures="0" timestamp="27 Jul 2020 20:40:18 GMT" time="45.629" errors="0">
  <testcase name="multiple" time="45.629" classname="com.util.Multiple"/>
</testsuite> <!-- com.util.Multiple -->
